<?xml version="1.0" encoding="utf-8"?><testsuite errors="0" failures="0" name="pytest" skips="0" tests="6" time="1.138"><testcase classname="test_submit.TestChallenge9" file="test_submit.py" line="22" name="test_agent" time="0.03385114669799805"></testcase><testcase classname="test_submit.TestChallenge9" file="test_submit.py" line="30" name="test_event" time="0.0063915252685546875"></testcase><testcase classname="test_submit.TestChallenge9" file="test_submit.py" line="38" name="test_event1" time="0.05070757865905762"></testcase><testcase classname="test_submit.TestChallenge9" file="test_submit.py" line="26" name="test_group" time="0.04626774787902832"></testcase><testcase classname="test_submit.TestChallenge9" file="test_submit.py" line="17" name="test_user" time="0.00585484504699707"></testcase><testcase classname="test_submit.TestChallenge9" file="test_submit.py" line="42" name="test_user_group" time="0.010870218276977539"></testcase></testsuite>